Symlinking /home/rr/dev/RR-RobotSim/devel/lib/python3/dist-packages/rr_msgs/__init__.py
Symlinking /home/rr/dev/RR-RobotSim/devel/lib/python3/dist-packages/rr_msgs/msg/_WheelStatus.py
Symlinking /home/rr/dev/RR-RobotSim/devel/lib/python3/dist-packages/rr_msgs/msg/__init__.py
Symlinking /home/rr/dev/RR-RobotSim/devel/lib/python3/dist-packages/rr_msgs/msg/_MotorState.py
Symlinking /home/rr/dev/RR-RobotSim/devel/lib/pkgconfig/rr_msgs.pc
Symlinking /home/rr/dev/RR-RobotSim/devel/include/rr_msgs/MotorState.h
Symlinking /home/rr/dev/RR-RobotSim/devel/include/rr_msgs/WheelStatus.h
Symlinking /home/rr/dev/RR-RobotSim/devel/share/gennodejs/ros/rr_msgs/_index.js
Symlinking /home/rr/dev/RR-RobotSim/devel/share/gennodejs/ros/rr_msgs/msg/_index.js
Symlinking /home/rr/dev/RR-RobotSim/devel/share/gennodejs/ros/rr_msgs/msg/MotorState.js
Symlinking /home/rr/dev/RR-RobotSim/devel/share/gennodejs/ros/rr_msgs/msg/WheelStatus.js
Symlinking /home/rr/dev/RR-RobotSim/devel/share/common-lisp/ros/rr_msgs/msg/MotorState.lisp
Symlinking /home/rr/dev/RR-RobotSim/devel/share/common-lisp/ros/rr_msgs/msg/_package_WheelStatus.lisp
Symlinking /home/rr/dev/RR-RobotSim/devel/share/common-lisp/ros/rr_msgs/msg/rr_msgs-msg.asd
Symlinking /home/rr/dev/RR-RobotSim/devel/share/common-lisp/ros/rr_msgs/msg/WheelStatus.lisp
Symlinking /home/rr/dev/RR-RobotSim/devel/share/common-lisp/ros/rr_msgs/msg/_package.lisp
Symlinking /home/rr/dev/RR-RobotSim/devel/share/common-lisp/ros/rr_msgs/msg/_package_MotorState.lisp
Symlinking /home/rr/dev/RR-RobotSim/devel/share/roseus/ros/rr_msgs/manifest.l
Symlinking /home/rr/dev/RR-RobotSim/devel/share/roseus/ros/rr_msgs/msg/MotorState.l
Symlinking /home/rr/dev/RR-RobotSim/devel/share/roseus/ros/rr_msgs/msg/WheelStatus.l
Symlinking /home/rr/dev/RR-RobotSim/devel/share/rr_msgs/cmake/rr_msgs-msg-paths.cmake
Symlinking /home/rr/dev/RR-RobotSim/devel/share/rr_msgs/cmake/rr_msgsConfig.cmake
Symlinking /home/rr/dev/RR-RobotSim/devel/share/rr_msgs/cmake/rr_msgs-msg-extras.cmake
Symlinking /home/rr/dev/RR-RobotSim/devel/share/rr_msgs/cmake/rr_msgsConfig-version.cmake
