Linked: (/home/rr/dev/RR-RobotSim/devel/.private/rr_msgs/lib/python3/dist-packages/rr_msgs/__init__.py, /home/rr/dev/RR-RobotSim/devel/lib/python3/dist-packages/rr_msgs/__init__.py)
Linked: (/home/rr/dev/RR-RobotSim/devel/.private/rr_msgs/lib/python3/dist-packages/rr_msgs/msg/_WheelStatus.py, /home/rr/dev/RR-RobotSim/devel/lib/python3/dist-packages/rr_msgs/msg/_WheelStatus.py)
Linked: (/home/rr/dev/RR-RobotSim/devel/.private/rr_msgs/lib/python3/dist-packages/rr_msgs/msg/__init__.py, /home/rr/dev/RR-RobotSim/devel/lib/python3/dist-packages/rr_msgs/msg/__init__.py)
Linked: (/home/rr/dev/RR-RobotSim/devel/.private/rr_msgs/lib/python3/dist-packages/rr_msgs/msg/_MotorState.py, /home/rr/dev/RR-RobotSim/devel/lib/python3/dist-packages/rr_msgs/msg/_MotorState.py)
Linked: (/home/rr/dev/RR-RobotSim/devel/.private/rr_msgs/lib/pkgconfig/rr_msgs.pc, /home/rr/dev/RR-RobotSim/devel/lib/pkgconfig/rr_msgs.pc)
Linked: (/home/rr/dev/RR-RobotSim/devel/.private/rr_msgs/include/rr_msgs/MotorState.h, /home/rr/dev/RR-RobotSim/devel/include/rr_msgs/MotorState.h)
Linked: (/home/rr/dev/RR-RobotSim/devel/.private/rr_msgs/include/rr_msgs/WheelStatus.h, /home/rr/dev/RR-RobotSim/devel/include/rr_msgs/WheelStatus.h)
Linked: (/home/rr/dev/RR-RobotSim/devel/.private/rr_msgs/share/gennodejs/ros/rr_msgs/_index.js, /home/rr/dev/RR-RobotSim/devel/share/gennodejs/ros/rr_msgs/_index.js)
Linked: (/home/rr/dev/RR-RobotSim/devel/.private/rr_msgs/share/gennodejs/ros/rr_msgs/msg/_index.js, /home/rr/dev/RR-RobotSim/devel/share/gennodejs/ros/rr_msgs/msg/_index.js)
Linked: (/home/rr/dev/RR-RobotSim/devel/.private/rr_msgs/share/gennodejs/ros/rr_msgs/msg/MotorState.js, /home/rr/dev/RR-RobotSim/devel/share/gennodejs/ros/rr_msgs/msg/MotorState.js)
Linked: (/home/rr/dev/RR-RobotSim/devel/.private/rr_msgs/share/gennodejs/ros/rr_msgs/msg/WheelStatus.js, /home/rr/dev/RR-RobotSim/devel/share/gennodejs/ros/rr_msgs/msg/WheelStatus.js)
Linked: (/home/rr/dev/RR-RobotSim/devel/.private/rr_msgs/share/common-lisp/ros/rr_msgs/msg/MotorState.lisp, /home/rr/dev/RR-RobotSim/devel/share/common-lisp/ros/rr_msgs/msg/MotorState.lisp)
Linked: (/home/rr/dev/RR-RobotSim/devel/.private/rr_msgs/share/common-lisp/ros/rr_msgs/msg/_package_WheelStatus.lisp, /home/rr/dev/RR-RobotSim/devel/share/common-lisp/ros/rr_msgs/msg/_package_WheelStatus.lisp)
Linked: (/home/rr/dev/RR-RobotSim/devel/.private/rr_msgs/share/common-lisp/ros/rr_msgs/msg/rr_msgs-msg.asd, /home/rr/dev/RR-RobotSim/devel/share/common-lisp/ros/rr_msgs/msg/rr_msgs-msg.asd)
Linked: (/home/rr/dev/RR-RobotSim/devel/.private/rr_msgs/share/common-lisp/ros/rr_msgs/msg/WheelStatus.lisp, /home/rr/dev/RR-RobotSim/devel/share/common-lisp/ros/rr_msgs/msg/WheelStatus.lisp)
Linked: (/home/rr/dev/RR-RobotSim/devel/.private/rr_msgs/share/common-lisp/ros/rr_msgs/msg/_package.lisp, /home/rr/dev/RR-RobotSim/devel/share/common-lisp/ros/rr_msgs/msg/_package.lisp)
Linked: (/home/rr/dev/RR-RobotSim/devel/.private/rr_msgs/share/common-lisp/ros/rr_msgs/msg/_package_MotorState.lisp, /home/rr/dev/RR-RobotSim/devel/share/common-lisp/ros/rr_msgs/msg/_package_MotorState.lisp)
Linked: (/home/rr/dev/RR-RobotSim/devel/.private/rr_msgs/share/roseus/ros/rr_msgs/manifest.l, /home/rr/dev/RR-RobotSim/devel/share/roseus/ros/rr_msgs/manifest.l)
Linked: (/home/rr/dev/RR-RobotSim/devel/.private/rr_msgs/share/roseus/ros/rr_msgs/msg/MotorState.l, /home/rr/dev/RR-RobotSim/devel/share/roseus/ros/rr_msgs/msg/MotorState.l)
Linked: (/home/rr/dev/RR-RobotSim/devel/.private/rr_msgs/share/roseus/ros/rr_msgs/msg/WheelStatus.l, /home/rr/dev/RR-RobotSim/devel/share/roseus/ros/rr_msgs/msg/WheelStatus.l)
Linked: (/home/rr/dev/RR-RobotSim/devel/.private/rr_msgs/share/rr_msgs/cmake/rr_msgs-msg-paths.cmake, /home/rr/dev/RR-RobotSim/devel/share/rr_msgs/cmake/rr_msgs-msg-paths.cmake)
Linked: (/home/rr/dev/RR-RobotSim/devel/.private/rr_msgs/share/rr_msgs/cmake/rr_msgsConfig.cmake, /home/rr/dev/RR-RobotSim/devel/share/rr_msgs/cmake/rr_msgsConfig.cmake)
Linked: (/home/rr/dev/RR-RobotSim/devel/.private/rr_msgs/share/rr_msgs/cmake/rr_msgs-msg-extras.cmake, /home/rr/dev/RR-RobotSim/devel/share/rr_msgs/cmake/rr_msgs-msg-extras.cmake)
Linked: (/home/rr/dev/RR-RobotSim/devel/.private/rr_msgs/share/rr_msgs/cmake/rr_msgsConfig-version.cmake, /home/rr/dev/RR-RobotSim/devel/share/rr_msgs/cmake/rr_msgsConfig-version.cmake)
